Job id: 31805088
Allocated node: cpu-e-844
Fri 27 Nov 14:49:39 GMT 2020

Job name: s03_renaming_samples_IHCAPX8

Initial working folder:
/rds/project/erf33/rds-erf33-medgen/data/wgs_nov_2020/s00_scripts

 ------------------ Job progress ------------------ 

Rename files to fit BaseSpace requirements
Fri 27 Nov 14:49:39 GMT 2020

Checking md5 sums

IHCAPX8-1

IHCAPX_8_1_FDSW202512578-1r_HHGNKDSXY_L4_1.fq.gz: OK
IHCAPX_8_1_FDSW202512578-1r_HHGNKDSXY_L4_2.fq.gz: OK
IHCAPX_8_1_FDSW202512578-1r_HHGNKDSXY_L2_1.fq.gz: OK
IHCAPX_8_1_FDSW202512578-1r_HHGNKDSXY_L2_2.fq.gz: OK
IHCAPX_8_1_FDSW202512578-1r_HHHJJDSXY_L4_1.fq.gz: OK
IHCAPX_8_1_FDSW202512578-1r_HHHJJDSXY_L4_2.fq.gz: OK

IHCAPX8-2

IHCAPX_8_2_FDSW202512579-1r_HHGNKDSXY_L2_1.fq.gz: OK
IHCAPX_8_2_FDSW202512579-1r_HHGNKDSXY_L2_2.fq.gz: OK
IHCAPX_8_2_FDSW202512579-1r_HHGNKDSXY_L4_1.fq.gz: OK
IHCAPX_8_2_FDSW202512579-1r_HHGNKDSXY_L4_2.fq.gz: OK
IHCAPX_8_2_FDSW202512579-1r_HHHJJDSXY_L4_1.fq.gz: OK
IHCAPX_8_2_FDSW202512579-1r_HHHJJDSXY_L4_2.fq.gz: OK

IHCAPX8-3

IHCAPX_8_3_FDSW202512580-1r_HHGNKDSXY_L4_1.fq.gz: OK
IHCAPX_8_3_FDSW202512580-1r_HHGNKDSXY_L4_2.fq.gz: OK
IHCAPX_8_3_FDSW202512580-1r_HHGNKDSXY_L2_1.fq.gz: OK
IHCAPX_8_3_FDSW202512580-1r_HHGNKDSXY_L2_2.fq.gz: OK
IHCAPX_8_3_FDSW202512580-1r_HF75MDSXY_L2_1.fq.gz: OK
IHCAPX_8_3_FDSW202512580-1r_HF75MDSXY_L2_2.fq.gz: OK

Renaming files

IHCAPX8-1: IHCAPX_8_1_FDSW202512578-1r_HHGNKDSXY_L2_1.fq.gz -> IHCAPX8-1_S1_L001_R1_001.fastq.gz
IHCAPX8-1: IHCAPX_8_1_FDSW202512578-1r_HHGNKDSXY_L2_2.fq.gz -> IHCAPX8-1_S1_L001_R2_001.fastq.gz
IHCAPX8-1: IHCAPX_8_1_FDSW202512578-1r_HHGNKDSXY_L4_1.fq.gz -> IHCAPX8-1_S1_L002_R1_001.fastq.gz
IHCAPX8-1: IHCAPX_8_1_FDSW202512578-1r_HHGNKDSXY_L4_2.fq.gz -> IHCAPX8-1_S1_L002_R2_001.fastq.gz
IHCAPX8-1: IHCAPX_8_1_FDSW202512578-1r_HHHJJDSXY_L4_1.fq.gz -> IHCAPX8-1_S1_L003_R1_001.fastq.gz
IHCAPX8-1: IHCAPX_8_1_FDSW202512578-1r_HHHJJDSXY_L4_2.fq.gz -> IHCAPX8-1_S1_L003_R2_001.fastq.gz
IHCAPX8-2: IHCAPX_8_2_FDSW202512579-1r_HHGNKDSXY_L2_1.fq.gz -> IHCAPX8-2_S1_L001_R1_001.fastq.gz
IHCAPX8-2: IHCAPX_8_2_FDSW202512579-1r_HHGNKDSXY_L2_2.fq.gz -> IHCAPX8-2_S1_L001_R2_001.fastq.gz
IHCAPX8-2: IHCAPX_8_2_FDSW202512579-1r_HHGNKDSXY_L4_1.fq.gz -> IHCAPX8-2_S1_L002_R1_001.fastq.gz
IHCAPX8-2: IHCAPX_8_2_FDSW202512579-1r_HHGNKDSXY_L4_2.fq.gz -> IHCAPX8-2_S1_L002_R2_001.fastq.gz
IHCAPX8-2: IHCAPX_8_2_FDSW202512579-1r_HHHJJDSXY_L4_1.fq.gz -> IHCAPX8-2_S1_L003_R1_001.fastq.gz
IHCAPX8-2: IHCAPX_8_2_FDSW202512579-1r_HHHJJDSXY_L4_2.fq.gz -> IHCAPX8-2_S1_L003_R2_001.fastq.gz
IHCAPX8-3: IHCAPX_8_3_FDSW202512580-1r_HF75MDSXY_L2_1.fq.gz -> IHCAPX8-3_S1_L001_R1_001.fastq.gz
IHCAPX8-3: IHCAPX_8_3_FDSW202512580-1r_HF75MDSXY_L2_2.fq.gz -> IHCAPX8-3_S1_L001_R2_001.fastq.gz
IHCAPX8-3: IHCAPX_8_3_FDSW202512580-1r_HHGNKDSXY_L2_1.fq.gz -> IHCAPX8-3_S1_L002_R1_001.fastq.gz
IHCAPX8-3: IHCAPX_8_3_FDSW202512580-1r_HHGNKDSXY_L2_2.fq.gz -> IHCAPX8-3_S1_L002_R2_001.fastq.gz
IHCAPX8-3: IHCAPX_8_3_FDSW202512580-1r_HHGNKDSXY_L4_1.fq.gz -> IHCAPX8-3_S1_L003_R1_001.fastq.gz
IHCAPX8-3: IHCAPX_8_3_FDSW202512580-1r_HHGNKDSXY_L4_2.fq.gz -> IHCAPX8-3_S1_L003_R2_001.fastq.gz

Done
Fri 27 Nov 14:55:07 GMT 2020
