Job id: 31805166
Allocated node: cpu-e-183
Fri 27 Nov 15:00:50 GMT 2020

Job name: s04_renaming_samples_ST349

Initial working folder:
/rds/project/erf33/rds-erf33-medgen/data/wgs_nov_2020/s00_scripts

 ------------------ Job progress ------------------

Rename files to fit BaseSpace requirements
Fri 27 Nov 15:00:50 GMT 2020

Checking md5 sums

ST349-202

ST349_202_FDSW202512573-1r_HHGNKDSXY_L1_1.fq.gz: OK
ST349_202_FDSW202512573-1r_HHGNKDSXY_L1_2.fq.gz: OK
ST349_202_FDSW202512573-1r_HHGNKDSXY_L4_1.fq.gz: OK
ST349_202_FDSW202512573-1r_HHGNKDSXY_L4_2.fq.gz: OK

ST349-252

ST349_252_FDSW202512574-1r_HHGNKDSXY_L1_1.fq.gz: OK
ST349_252_FDSW202512574-1r_HHGNKDSXY_L1_2.fq.gz: OK
ST349_252_FDSW202512574-1r_HHGNKDSXY_L4_1.fq.gz: OK
ST349_252_FDSW202512574-1r_HHGNKDSXY_L4_2.fq.gz: OK

ST349-301

ST349_301_FDSW202512575-1r_HHGNKDSXY_L4_1.fq.gz: OK
ST349_301_FDSW202512575-1r_HHGNKDSXY_L4_2.fq.gz: OK
ST349_301_FDSW202512575-1r_HHGNKDSXY_L1_1.fq.gz: OK
ST349_301_FDSW202512575-1r_HHGNKDSXY_L1_2.fq.gz: OK
ST349_301_FDSW202512575-1r_HHGCJDSXY_L2_1.fq.gz: OK
ST349_301_FDSW202512575-1r_HHGCJDSXY_L2_2.fq.gz: OK

ST349-302

ST349_302_FDSW202512576-1r_HHGNKDSXY_L1_1.fq.gz: OK
ST349_302_FDSW202512576-1r_HHGNKDSXY_L1_2.fq.gz: OK
ST349_302_FDSW202512576-1r_HHGNKDSXY_L4_1.fq.gz: OK
ST349_302_FDSW202512576-1r_HHGNKDSXY_L4_2.fq.gz: OK
ST349_302_FDSW202512576-1r_HHGCJDSXY_L2_1.fq.gz: OK
ST349_302_FDSW202512576-1r_HHGCJDSXY_L2_2.fq.gz: OK

ST349-303

ST349_303_FDSW202512577-1r_HHGNKDSXY_L4_1.fq.gz: OK
ST349_303_FDSW202512577-1r_HHGNKDSXY_L4_2.fq.gz: OK
ST349_303_FDSW202512577-1r_HHGNKDSXY_L2_1.fq.gz: OK
ST349_303_FDSW202512577-1r_HHGNKDSXY_L2_2.fq.gz: OK

Renaming files (manually added lines between samples, AL28Nov2020)

ST349-202: ST349_202_FDSW202512573-1r_HHGNKDSXY_L1_1.fq.gz -> ST349-202_S1_L001_R1_001.fastq.gz
ST349-202: ST349_202_FDSW202512573-1r_HHGNKDSXY_L1_2.fq.gz -> ST349-202_S1_L001_R2_001.fastq.gz
ST349-202: ST349_202_FDSW202512573-1r_HHGNKDSXY_L4_1.fq.gz -> ST349-202_S1_L002_R1_001.fastq.gz
ST349-202: ST349_202_FDSW202512573-1r_HHGNKDSXY_L4_2.fq.gz -> ST349-202_S1_L002_R2_001.fastq.gz

ST349-252: ST349_252_FDSW202512574-1r_HHGNKDSXY_L1_1.fq.gz -> ST349-252_S1_L001_R1_001.fastq.gz
ST349-252: ST349_252_FDSW202512574-1r_HHGNKDSXY_L1_2.fq.gz -> ST349-252_S1_L001_R2_001.fastq.gz
ST349-252: ST349_252_FDSW202512574-1r_HHGNKDSXY_L4_1.fq.gz -> ST349-252_S1_L002_R1_001.fastq.gz
ST349-252: ST349_252_FDSW202512574-1r_HHGNKDSXY_L4_2.fq.gz -> ST349-252_S1_L002_R2_001.fastq.gz

ST349-301: ST349_301_FDSW202512575-1r_HHGCJDSXY_L2_1.fq.gz -> ST349-301_S1_L001_R1_001.fastq.gz
ST349-301: ST349_301_FDSW202512575-1r_HHGCJDSXY_L2_2.fq.gz -> ST349-301_S1_L001_R2_001.fastq.gz
ST349-301: ST349_301_FDSW202512575-1r_HHGNKDSXY_L1_1.fq.gz -> ST349-301_S1_L002_R1_001.fastq.gz
ST349-301: ST349_301_FDSW202512575-1r_HHGNKDSXY_L1_2.fq.gz -> ST349-301_S1_L002_R2_001.fastq.gz
ST349-301: ST349_301_FDSW202512575-1r_HHGNKDSXY_L4_1.fq.gz -> ST349-301_S1_L003_R1_001.fastq.gz
ST349-301: ST349_301_FDSW202512575-1r_HHGNKDSXY_L4_2.fq.gz -> ST349-301_S1_L003_R2_001.fastq.gz

ST349-302: ST349_302_FDSW202512576-1r_HHGCJDSXY_L2_1.fq.gz -> ST349-302_S1_L001_R1_001.fastq.gz
ST349-302: ST349_302_FDSW202512576-1r_HHGCJDSXY_L2_2.fq.gz -> ST349-302_S1_L001_R2_001.fastq.gz
ST349-302: ST349_302_FDSW202512576-1r_HHGNKDSXY_L1_1.fq.gz -> ST349-302_S1_L002_R1_001.fastq.gz
ST349-302: ST349_302_FDSW202512576-1r_HHGNKDSXY_L1_2.fq.gz -> ST349-302_S1_L002_R2_001.fastq.gz
ST349-302: ST349_302_FDSW202512576-1r_HHGNKDSXY_L4_1.fq.gz -> ST349-302_S1_L003_R1_001.fastq.gz
ST349-302: ST349_302_FDSW202512576-1r_HHGNKDSXY_L4_2.fq.gz -> ST349-302_S1_L003_R2_001.fastq.gz

ST349-303: ST349_303_FDSW202512577-1r_HHGNKDSXY_L2_1.fq.gz -> ST349-303_S1_L001_R1_001.fastq.gz
ST349-303: ST349_303_FDSW202512577-1r_HHGNKDSXY_L2_2.fq.gz -> ST349-303_S1_L001_R2_001.fastq.gz
ST349-303: ST349_303_FDSW202512577-1r_HHGNKDSXY_L4_1.fq.gz -> ST349-303_S1_L002_R1_001.fastq.gz
ST349-303: ST349_303_FDSW202512577-1r_HHGNKDSXY_L4_2.fq.gz -> ST349-303_S1_L002_R2_001.fastq.gz

Done
Fri 27 Nov 15:12:00 GMT 2020
