Job id: 31834733
Allocated node: cpu-e-144
Sun 29 Nov 10:11:34 GMT 2020

Job name: s08_download_dragen_gremline_IHCAPX8-2

Initial working folder:
/rds/project/erf33/rds-erf33-medgen/data/wgs_nov_2020/s00_scripts

 ------------------ Job progress ------------------ 

Download dataset from BaseSpace
Sun 29 Nov 10:11:34 GMT 2020

bs: /rds/project/erf33/rds-erf33-medgen/tools/bs/bs_cli_1.2.1/bs
project_name: IHCAPX8
sample_name: IHCAPX8-2
dataset_type: illumina.dragen.complete.v0.2
dataset_id: ds.b9d3d3c60f77482ea17c0f29d110261d
target_folder: /rds/project/erf33/rds-erf33-medgen/data/wgs_nov_2020/s03_IHCAPX8/s02_dragen_germline/IHCAPX8-2

bs credentials:

+----------------+----------------------------------------------------+
| Name           | Alexey Larionov                                    |
| Id             | 22512492                                           |
| Email          | alexey.larionov.47@gmail.com                       |
| DateCreated    | 2020-11-20 19:59:35 +0000 UTC                      |
| DateLastActive | 2020-11-29 09:55:55 +0000 UTC                      |
| Host           | https://api.basespace.illumina.com                 |
| Scopes         | READ GLOBAL, CREATE GLOBAL, BROWSE GLOBAL,         |
|                | CREATE PROJECTS, CREATE RUNS, START APPLICATIONS,  |
|                | MOVETOTRASH GLOBAL, WRITE GLOBAL                   |
+----------------+----------------------------------------------------+

All datasets in the project

+-----------+-------------------------------------+--------------+-------------------------------+
|   Name    |                 Id                  | Project.Name |        DataSetType.Id         |
+-----------+-------------------------------------+--------------+-------------------------------+
| joint     | ds.b625266658ec4c7b88ebbf67ede6f7fc | IHCAPX8      | common.files                  |
| joint     | ds.6573267e07ea4338ae33cdc5fffd3090 | IHCAPX8      | common.files                  |
| joint     | ds.1a65353877984df9919273fe6d7c4c60 | IHCAPX8      | common.files                  |
| joint     | ds.020f0ea2e8194bb0870ab85b629490d1 | IHCAPX8      | common.files                  |
| IHCAPX8-1 | ds.a4ac66816d5945ffbb3f718f4d86ce28 | IHCAPX8      | illumina.dragen.complete.v0.2 |
| IHCAPX8-2 | ds.b9d3d3c60f77482ea17c0f29d110261d | IHCAPX8      | illumina.dragen.complete.v0.2 |
| IHCAPX8-3 | ds.4e3e25eec8d84824b6c0ce9cf587f078 | IHCAPX8      | illumina.dragen.complete.v0.2 |
| IHCAPX8-3 | ds.308e5a9174f14585838c368fe5707dea | IHCAPX8      | illumina.fastq.v1.8           |
| IHCAPX8-2 | ds.cc232fba9c4249ee9f619a65a275b182 | IHCAPX8      | illumina.fastq.v1.8           |
| IHCAPX8-1 | ds.244ec92ba7f5479d81f6bfec7bb8ca48 | IHCAPX8      | illumina.fastq.v1.8           |
+-----------+-------------------------------------+--------------+-------------------------------+

Content of the selected dataset

+---------------------------------------------------+----------------------------------------------------------------------------------------+
| Id                                                | ds.b9d3d3c60f77482ea17c0f29d110261d                                                    |
| Name                                              | IHCAPX8-2                                                                              |
| DateCreated                                       | 2020-11-27 22:58:06 +0000 UTC                                                          |
| DateModified                                      | 2020-11-27 22:58:07 +0000 UTC                                                          |
| AppSession.Id                                     | 347429084                                                                              |
| AppSession.Name                                   | IHCAPX8-2                                                                              |
| AppSession.Application.AppFamilySlug              | illumina-inc.dragen-germline                                                           |
| AppSession.Application.AppVersionSlug             | illumina-inc.dragen-germline.3.6.3                                                     |
| AppSession.Application.Id                         | 10489479                                                                               |
| AppSession.Application.VersionNumber              | 3.6.3                                                                                  |
| AppSession.Application.HomepageUri                | https://support.illumina.com/downloads/dragen-germline-pipeline-online-help.html       |
| AppSession.Application.ShortDescription           | The DRAGEN Germline Pipeline v3 aligns and                                             |
|                                                   | optionally variant calls FASTQ files, outputting a                                     |
|                                                   | BAM, VCF, or both.                                                                     |
| AppSession.Application.LongDescription            |                                                                                        |
| AppSession.Application.Category                   | Native                                                                                 |
| AppSession.Application.UserOwnedBy.Id             |                                                                                        |
| AppSession.Application.UserOwnedBy.Name           |                                                                                        |
| AppSession.Application.UserOwnedBy.GravatarURL    |                                                                                        |
| AppSession.Application.UserOwnedBy.DateLastActive |                                                                                        |
| AppSession.Application.UserOwnedBy.DateCreated    |                                                                                        |
| AppSession.Application.Name                       | DRAGEN Germline                                                                        |
| AppSession.Application.CompanyName                | Illumina, Inc.                                                                         |
| AppSession.ExecutionStatus                        | Complete                                                                               |
| AppSession.QcStatus                               | Undefined                                                                              |
| AppSession.DeliveryStatus                         | None                                                                                   |
| AppSession.UserCreatedBy.Id                       | 22512492                                                                               |
| AppSession.UserCreatedBy.Name                     | Alexey Larionov                                                                        |
| AppSession.UserCreatedBy.GravatarURL              | https://secure.gravatar.com/avatar/23cbca99a86e9524d8e1331d9cec78e6.jpg?s=20&d=mm&r=PG |
| AppSession.UserCreatedBy.DateLastActive           |                                                                                        |
| AppSession.UserCreatedBy.DateCreated              | 2020-11-20T19:59:35.0000000Z                                                           |
| AppSession.StatusSummary                          | Application completed successfully                                                     |
| AppSession.DateCreated                            | 2020-11-27 21:12:23 +0000 UTC                                                          |
| AppSession.DateModified                           | 2020-11-27 22:58:11 +0000 UTC                                                          |
| AppSession.DateCompleted                          | 2020-11-27 22:58:04 +0000 UTC                                                          |
| AppSession.TotalSize                              | 45667421983                                                                            |
| AppSession.RunningDuration                        | 0                                                                                      |
| AppSession.ComputeStatistics.Unit                 |                                                                                        |
| AppSession.ComputeStatistics.Amount               | 0                                                                                      |
| Project.Name                                      | IHCAPX8                                                                                |
| Project.Id                                        | 213460248                                                                              |
| Project.UserOwnedBy.Id                            | 22512492                                                                               |
| Project.UserOwnedBy.Name                          | Alexey Larionov                                                                        |
| Project.UserOwnedBy.GravatarURL                   | https://secure.gravatar.com/avatar/23cbca99a86e9524d8e1331d9cec78e6.jpg?s=20&d=mm&r=PG |
| Project.UserOwnedBy.DateLastActive                |                                                                                        |
| Project.UserOwnedBy.DateCreated                   | 2020-11-20T19:59:35.0000000Z                                                           |
| Project.DateCreated                               | 2020-11-27 12:51:58 +0000 UTC                                                          |
| Project.DateModified                              | 2020-11-28 15:35:13 +0000 UTC                                                          |
| Project.Description                               | a bladder cancer family, wgs,2020                                                      |
| Project.TotalSize                                 | 284415302247                                                                           |
| UserOwnedBy.Id                                    | 22512492                                                                               |
| UserOwnedBy.Name                                  | Alexey Larionov                                                                        |
| UserOwnedBy.GravatarURL                           | https://secure.gravatar.com/avatar/23cbca99a86e9524d8e1331d9cec78e6.jpg?s=20&d=mm&r=PG |
| UserOwnedBy.DateLastActive                        |                                                                                        |
| UserOwnedBy.DateCreated                           | 2020-11-20T19:59:35.0000000Z                                                           |
| DataSetType.Id                                    | illumina.dragen.complete.v0.2                                                          |
| DataSetType.Name                                  | Dragen.Complete.V0.2                                                                   |
| QcStatus                                          | Undefined                                                                              |
| QcStatusSummary                                   | No thresholds were evaluated                                                           |
| UploadStatus                                      | Completed                                                                              |
| UploadStatusSummary                               |                                                                                        |
| ValidationStatus                                  | Passed                                                                                 |
| TotalSize                                         | 45667421983                                                                            |
| IsFileDataDeleted                                 | false                                                                                  |
| IsArchived                                        | false                                                                                  |
| V1pre3Id                                          | ar.243937720                                                                           |
+---------------------------------------------------+----------------------------------------------------------------------------------------+

Downloading data ...

Done
Sun 29 Nov 10:48:41 GMT 2020
