Job id: 31128104
Allocated node: cpu-e-96
Fri 13 Nov 17:59:42 GMT 2020

Job name: s02_extract_data

Initial working folder:
/rds/project/erf33/rds-erf33-medgen/data/wgs_nov_2020

 ------------------ Job progress ------------------ 

Extract WGS data
Fri 13 Nov 17:59:42 GMT 2020

Check md5 sum

20201027_WGS_alarionov.tar.gz: OK

Fri 13 Nov 18:15:07 GMT 2020

Extracting ...
20201027_WGS_alarionov/
20201027_WGS_alarionov/IHCAPX_8_3/
20201027_WGS_alarionov/IHCAPX_8_3/IHCAPX_8_3_FDSW202512580-1r_HF75MDSXY_L2_1.fq.gz
20201027_WGS_alarionov/IHCAPX_8_3/IHCAPX_8_3_FDSW202512580-1r_HHGNKDSXY_L2_2.fq.gz
20201027_WGS_alarionov/IHCAPX_8_3/IHCAPX_8_3_FDSW202512580-1r_HF75MDSXY_L2_2.fq.gz
20201027_WGS_alarionov/IHCAPX_8_3/IHCAPX_8_3_FDSW202512580-1r_HHGNKDSXY_L4_1.fq.gz
20201027_WGS_alarionov/IHCAPX_8_3/IHCAPX_8_3_FDSW202512580-1r_HHGNKDSXY_L2_1.fq.gz
20201027_WGS_alarionov/IHCAPX_8_3/IHCAPX_8_3_FDSW202512580-1r_HHGNKDSXY_L4_2.fq.gz
20201027_WGS_alarionov/IHCAPX_8_3/MD5.txt
20201027_WGS_alarionov/ST349_252/
20201027_WGS_alarionov/ST349_252/ST349_252_FDSW202512574-1r_HHGNKDSXY_L4_1.fq.gz
20201027_WGS_alarionov/ST349_252/ST349_252_FDSW202512574-1r_HHGNKDSXY_L4_2.fq.gz
20201027_WGS_alarionov/ST349_252/ST349_252_FDSW202512574-1r_HHGNKDSXY_L1_2.fq.gz
20201027_WGS_alarionov/ST349_252/ST349_252_FDSW202512574-1r_HHGNKDSXY_L1_1.fq.gz
20201027_WGS_alarionov/ST349_252/MD5.txt
20201027_WGS_alarionov/ST349_301/
20201027_WGS_alarionov/ST349_301/ST349_301_FDSW202512575-1r_HHGNKDSXY_L1_2.fq.gz
20201027_WGS_alarionov/ST349_301/ST349_301_FDSW202512575-1r_HHGNKDSXY_L4_1.fq.gz
20201027_WGS_alarionov/ST349_301/ST349_301_FDSW202512575-1r_HHGCJDSXY_L2_2.fq.gz
20201027_WGS_alarionov/ST349_301/ST349_301_FDSW202512575-1r_HHGNKDSXY_L4_2.fq.gz
20201027_WGS_alarionov/ST349_301/ST349_301_FDSW202512575-1r_HHGNKDSXY_L1_1.fq.gz
20201027_WGS_alarionov/ST349_301/ST349_301_FDSW202512575-1r_HHGCJDSXY_L2_1.fq.gz
20201027_WGS_alarionov/ST349_301/MD5.txt
20201027_WGS_alarionov/ST349_302/
20201027_WGS_alarionov/ST349_302/ST349_302_FDSW202512576-1r_HHGCJDSXY_L2_1.fq.gz
20201027_WGS_alarionov/ST349_302/ST349_302_FDSW202512576-1r_HHGNKDSXY_L4_1.fq.gz
20201027_WGS_alarionov/ST349_302/ST349_302_FDSW202512576-1r_HHGNKDSXY_L1_2.fq.gz
20201027_WGS_alarionov/ST349_302/ST349_302_FDSW202512576-1r_HHGNKDSXY_L1_1.fq.gz
20201027_WGS_alarionov/ST349_302/ST349_302_FDSW202512576-1r_HHGNKDSXY_L4_2.fq.gz
20201027_WGS_alarionov/ST349_302/ST349_302_FDSW202512576-1r_HHGCJDSXY_L2_2.fq.gz
20201027_WGS_alarionov/ST349_302/MD5.txt
20201027_WGS_alarionov/ST349_303/
20201027_WGS_alarionov/ST349_303/ST349_303_FDSW202512577-1r_HHGNKDSXY_L4_1.fq.gz
20201027_WGS_alarionov/ST349_303/ST349_303_FDSW202512577-1r_HHGNKDSXY_L2_2.fq.gz
20201027_WGS_alarionov/ST349_303/ST349_303_FDSW202512577-1r_HHGNKDSXY_L4_2.fq.gz
20201027_WGS_alarionov/ST349_303/ST349_303_FDSW202512577-1r_HHGNKDSXY_L2_1.fq.gz
20201027_WGS_alarionov/ST349_303/MD5.txt
20201027_WGS_alarionov/IHCAPX_8_1/
20201027_WGS_alarionov/IHCAPX_8_1/IHCAPX_8_1_FDSW202512578-1r_HHGNKDSXY_L4_1.fq.gz
20201027_WGS_alarionov/IHCAPX_8_1/IHCAPX_8_1_FDSW202512578-1r_HHHJJDSXY_L4_1.fq.gz
20201027_WGS_alarionov/IHCAPX_8_1/IHCAPX_8_1_FDSW202512578-1r_HHGNKDSXY_L4_2.fq.gz
20201027_WGS_alarionov/IHCAPX_8_1/IHCAPX_8_1_FDSW202512578-1r_HHHJJDSXY_L4_2.fq.gz
20201027_WGS_alarionov/IHCAPX_8_1/MD5.txt
20201027_WGS_alarionov/IHCAPX_8_1/IHCAPX_8_1_FDSW202512578-1r_HHGNKDSXY_L2_2.fq.gz
20201027_WGS_alarionov/IHCAPX_8_1/IHCAPX_8_1_FDSW202512578-1r_HHGNKDSXY_L2_1.fq.gz
20201027_WGS_alarionov/IHCAPX_8_2/
20201027_WGS_alarionov/IHCAPX_8_2/IHCAPX_8_2_FDSW202512579-1r_HHHJJDSXY_L4_1.fq.gz
20201027_WGS_alarionov/IHCAPX_8_2/IHCAPX_8_2_FDSW202512579-1r_HHHJJDSXY_L4_2.fq.gz
20201027_WGS_alarionov/IHCAPX_8_2/IHCAPX_8_2_FDSW202512579-1r_HHGNKDSXY_L2_2.fq.gz
20201027_WGS_alarionov/IHCAPX_8_2/IHCAPX_8_2_FDSW202512579-1r_HHGNKDSXY_L4_2.fq.gz
20201027_WGS_alarionov/IHCAPX_8_2/IHCAPX_8_2_FDSW202512579-1r_HHGNKDSXY_L2_1.fq.gz
20201027_WGS_alarionov/IHCAPX_8_2/MD5.txt
20201027_WGS_alarionov/IHCAPX_8_2/IHCAPX_8_2_FDSW202512579-1r_HHGNKDSXY_L4_1.fq.gz
20201027_WGS_alarionov/ST349_202/
20201027_WGS_alarionov/ST349_202/ST349_202_FDSW202512573-1r_HHGNKDSXY_L1_2.fq.gz
20201027_WGS_alarionov/ST349_202/ST349_202_FDSW202512573-1r_HHGNKDSXY_L4_1.fq.gz
20201027_WGS_alarionov/ST349_202/ST349_202_FDSW202512573-1r_HHGNKDSXY_L1_1.fq.gz
20201027_WGS_alarionov/ST349_202/ST349_202_FDSW202512573-1r_HHGNKDSXY_L4_2.fq.gz
20201027_WGS_alarionov/ST349_202/MD5.txt

Done
Fri 13 Nov 19:24:27 GMT 2020
